<?xml version="1.0" encoding="UTF-8"?>
<!-- Generated by org.testng.reporters.JUnitReportReporter -->
<testsuite hostname="DESKTOP-TFSG58B" failures="0" tests="1" name="testscript.Base" time="16.621" errors="0" timestamp="2025-04-26T11:17:41 IST" skipped="0">
  <testcase classname="testscript.Base" name="f" time="16.621"/>
  <system-out/>
</testsuite> <!-- testscript.Base -->
